c:\users\milkh\onedrive\바탕 화면\c-programing-class-csharp\program\program\x64\debug\program.pch
c:\users\milkh\onedrive\바탕 화면\c-programing-class-csharp\program\program\x64\debug\vc143.pdb
c:\users\milkh\onedrive\바탕 화면\c-programing-class-csharp\program\program\x64\debug\vc143.idb
c:\users\milkh\onedrive\바탕 화면\c-programing-class-csharp\program\program\x64\debug\message.obj
c:\users\milkh\onedrive\바탕 화면\c-programing-class-csharp\program\program\x64\debug\program.obj
c:\users\milkh\onedrive\바탕 화면\c-programing-class-csharp\program\program\x64\debug\wis.obj
c:\users\milkh\onedrive\바탕 화면\c-programing-class-csharp\program\program\x64\debug\strength.obj
c:\users\milkh\onedrive\바탕 화면\c-programing-class-csharp\program\program\x64\debug\stat.obj
c:\users\milkh\onedrive\바탕 화면\c-programing-class-csharp\program\program\x64\debug\dex.obj
c:\users\milkh\onedrive\바탕 화면\c-programing-class-csharp\program\x64\debug\program.exe
c:\users\milkh\onedrive\바탕 화면\c-programing-class-csharp\program\x64\debug\program.pdb
c:\users\milkh\onedrive\바탕 화면\c-programing-class-csharp\program\program\x64\debug\program.ilk
c:\users\milkh\onedrive\바탕 화면\c-programing-class-csharp\program\program\x64\debug\program.tlog\cl.command.1.tlog
c:\users\milkh\onedrive\바탕 화면\c-programing-class-csharp\program\program\x64\debug\program.tlog\cl.items.tlog
c:\users\milkh\onedrive\바탕 화면\c-programing-class-csharp\program\program\x64\debug\program.tlog\cl.read.1.tlog
c:\users\milkh\onedrive\바탕 화면\c-programing-class-csharp\program\program\x64\debug\program.tlog\cl.write.1.tlog
c:\users\milkh\onedrive\바탕 화면\c-programing-class-csharp\program\program\x64\debug\program.tlog\link.command.1.tlog
c:\users\milkh\onedrive\바탕 화면\c-programing-class-csharp\program\program\x64\debug\program.tlog\link.read.1.tlog
c:\users\milkh\onedrive\바탕 화면\c-programing-class-csharp\program\program\x64\debug\program.tlog\link.secondary.1.tlog
c:\users\milkh\onedrive\바탕 화면\c-programing-class-csharp\program\program\x64\debug\program.tlog\link.write.1.tlog
